#-----------------------------------------------------------
# Vivado v2019.2 (64-bit)
# SW Build 2708876 on Wed Nov  6 21:40:23 MST 2019
# IP Build 2700528 on Thu Nov  7 00:09:20 MST 2019
# Start of session at: Wed Sep  4 09:38:50 2024
# Process ID: 7484
# Current directory: C:/Users/PC-CLICK-PLUS/OneDrive/Documents/ME/ELN/SRC/Séminaire/vivado prj/project_7
# Command line: vivado.exe -gui_launcher_event rodinguilauncherevent2772 C:\Users\PC-CLICK-PLUS\OneDrive\Documents\ME\ELN\SRC\Séminaire\vivado prj\project_7\project_7.xpr
# Log file: C:/Users/PC-CLICK-PLUS/OneDrive/Documents/ME/ELN/SRC/Séminaire/vivado prj/project_7/vivado.log
# Journal file: C:/Users/PC-CLICK-PLUS/OneDrive/Documents/ME/ELN/SRC/Séminaire/vivado prj/project_7\vivado.jou
#-----------------------------------------------------------
start_gui
open_project {C:/Users/PC-CLICK-PLUS/OneDrive/Documents/ME/ELN/SRC/Séminaire/vivado prj/project_7/project_7.xpr}
INFO: [ProjectBase 1-489] The host OS only allows 260 characters in a normal path. The project is stored in a path with more than 80 characters. If you experience issues with IP, Block Designs, or files not being found, please consider moving the project to a location with a shorter path. Alternately consider using the OS subst command to map part of the path to a drive letter.
Current project path is 'C:/Users/PC-CLICK-PLUS/OneDrive/Documents/ME/ELN/SRC/Séminaire/vivado prj/project_7'
INFO: [Project 1-313] Project file moved from 'C:/Users/PC-CLICK-PLUS/Desktop/SEMINAIRE/vivado prj/project_7' since last save.
Scanning sources...
Finished scanning sources
INFO: [filemgmt 56-1] Board Part Repository Path: Directory not found as 'C:/Users/PC-CLICK-PLUS/OneDrive/Documents/ME/ELN/AppData/Roaming/Xilinx/Vivado/2019.2/xhub/board_store'; using path 'C:/Users/PC-CLICK-PLUS/AppData/Roaming/Xilinx/Vivado/2019.2/xhub/board_store' instead.
INFO: [IP_Flow 19-234] Refreshing IP repositories
INFO: [IP_Flow 19-1704] No user IP repositories specified
INFO: [IP_Flow 19-2313] Loaded Vivado IP repository 'C:/Xilinx/Vivado/2019.2/data/ip'.
open_project: Time (s): cpu = 00:00:45 ; elapsed = 00:00:37 . Memory (MB): peak = 1148.305 ; gain = 545.016
update_compile_order -fileset sources_1
exit
INFO: [Common 17-206] Exiting Vivado at Wed Sep  4 09:43:21 2024...
naire/vivado prj/project_7/project_7.srcs/sources_1/bd/design_1/design_1.bd}
Adding component instance block -- xilinx.com:ip:processing_system7:5.5 - processing_system7_0
WARNING: [BD 41-176] The physical port 'S_AXI_GP2_rd_socket' specified in the portmap, is not found on the block! 
WARNING: [BD 41-176] The physical port 'S_AXI_GP2_wr_socket' specified in the portmap, is not found on the block! 
WARNING: [BD 41-176] The physical port 'S_AXI_GP3_rd_socket' specified in the portmap, is not found on the block! 
WARNING: [BD 41-176] The physical port 'S_AXI_GP3_wr_socket' specified in the portmap, is not found on the block! 
Adding component instance block -- xilinx.com:ip:axi_uartlite:2.0 - axi_uartlite_0
Adding component instance block -- xilinx.com:ip:axi_interconnect:2.1 - ps7_0_axi_periph
Adding component instance block -- xilinx.com:ip:axi_protocol_converter:2.1 - auto_pc
Adding component instance block -- xilinx.com:ip:proc_sys_reset:5.0 - rst_ps7_0_50M
Successfully read diagram <design_1> from BD file <C:/Users/PC-CLICK-PLUS/OneDrive/Documents/ME/ELN/SRC/Séminaire/vivado prj/project_7/project_7.srcs/sources_1/bd/design_1/design_1.bd>
open_bd_design: Time (s): cpu = 00:00:20 ; elapsed = 00:00:16 . Memory (MB): peak = 1303.895 ; gain = 86.250
exit
INFO: [Common 17-206] Exiting Vivado at Wed Sep  4 09:43:16 2024...
