#-----------------------------------------------------------
# Vivado v2019.2 (64-bit)
# SW Build 2708876 on Wed Nov  6 21:40:23 MST 2019
# IP Build 2700528 on Thu Nov  7 00:09:20 MST 2019
# Start of session at: Tue Sep 17 23:38:02 2024
# Process ID: 19504
# Current directory: C:/Users/PC-CLICK-PLUS/OneDrive/Documents/ME/ELN/Séminaire/vivado_prj/project_7
# Command line: vivado.exe -gui_launcher_event rodinguilauncherevent19160 C:\Users\PC-CLICK-PLUS\OneDrive\Documents\ME\ELN\Séminaire\vivado_prj\project_7\project_7.xpr
# Log file: C:/Users/PC-CLICK-PLUS/OneDrive/Documents/ME/ELN/Séminaire/vivado_prj/project_7/vivado.log
# Journal file: C:/Users/PC-CLICK-PLUS/OneDrive/Documents/ME/ELN/Séminaire/vivado_prj/project_7\vivado.jou
#-----------------------------------------------------------
start_gui
open_project C:/Users/PC-CLICK-PLUS/OneDrive/Documents/ME/ELN/Séminaire/vivado_prj/project_7/project_7.xpr
INFO: [Project 1-313] Project file moved from 'C:/Users/PC-CLICK-PLUS/Desktop/SEMINAIRE/vivado prj/project_7' since last save.
Scanning sources...
Finished scanning sources
INFO: [filemgmt 56-1] Board Part Repository Path: Directory not found as 'C:/Users/PC-CLICK-PLUS/OneDrive/Documents/ME/AppData/Roaming/Xilinx/Vivado/2019.2/xhub/board_store'; using path 'C:/Users/PC-CLICK-PLUS/AppData/Roaming/Xilinx/Vivado/2019.2/xhub/board_store' instead.
INFO: [IP_Flow 19-234] Refreshing IP repositories
INFO: [IP_Flow 19-1704] No user IP repositories specified
INFO: [IP_Flow 19-2313] Loaded Vivado IP repository 'C:/Xilinx/Vivado/2019.2/data/ip'.
open_project: Time (s): cpu = 00:00:54 ; elapsed = 00:00:35 . Memory (MB): peak = 1043.914 ; gain = 385.801
update_compile_order -fileset sources_1
write_hw_platform -fixed -force  -include_bit -file C:/Users/PC-CLICK-PLUS/OneDrive/Documents/ME/ELN/Sminaire/vivado_prj/project_7/design_1_wrapper.xsa
INFO: [Vivado 12-4895] Creating Hardware Platform: C:/Users/PC-CLICK-PLUS/OneDrive/Documents/ME/ELN/Sminaire/vivado_prj/project_7/design_1_wrapper.xsa ...
INFO: [Hsi 55-2053] elapsed time for repository (C:/Xilinx/Vivado/2019.2/data\embeddedsw) loading 0 seconds
WARNING: [Project 1-645] Board images not set in Hardware Platform.
INFO: [Vivado 12-4896] Successfully created Hardware Platform: C:/Users/PC-CLICK-PLUS/OneDrive/Documents/ME/ELN/Sminaire/vivado_prj/project_7/design_1_wrapper.xsa
write_hw_platform: Time (s): cpu = 00:00:22 ; elapsed = 00:00:21 . Memory (MB): peak = 1119.648 ; gain = 41.570
reset_run synth_1
launch_runs synth_1 -jobs 2
[Tue Sep 17 23:40:32 2024] Launched synth_1...
Run output will be captured here: C:/Users/PC-CLICK-PLUS/OneDrive/Documents/ME/ELN/Séminaire/vivado_prj/project_7/project_7.runs/synth_1/runme.log
generate_target all [get_files  C:/Users/PC-CLICK-PLUS/OneDrive/Documents/ME/ELN/Séminaire/vivado_prj/project_7/project_7.srcs/sources_1/bd/design_1/design_1.bd]
INFO: [BD 41-1637] Generated targets are already up-to-date for block design 'design_1' - hence not re-generating.
export_ip_user_files -of_objects [get_files C:/Users/PC-CLICK-PLUS/OneDrive/Documents/ME/ELN/Séminaire/vivado_prj/project_7/project_7.srcs/sources_1/bd/design_1/design_1.bd] -no_script -sync -force -quiet
create_ip_run [get_files -of_objects [get_fileset sources_1] C:/Users/PC-CLICK-PLUS/OneDrive/Documents/ME/ELN/Séminaire/vivado_prj/project_7/project_7.srcs/sources_1/bd/design_1/design_1.bd]
export_simulation -of_objects [get_files C:/Users/PC-CLICK-PLUS/OneDrive/Documents/ME/ELN/Séminaire/vivado_prj/project_7/project_7.srcs/sources_1/bd/design_1/design_1.bd] -directory C:/Users/PC-CLICK-PLUS/OneDrive/Documents/ME/ELN/Séminaire/vivado_prj/project_7/project_7.ip_user_files/sim_scripts -ip_user_files_dir C:/Users/PC-CLICK-PLUS/OneDrive/Documents/ME/ELN/Séminaire/vivado_prj/project_7/project_7.ip_user_files -ipstatic_source_dir C:/Users/PC-CLICK-PLUS/OneDrive/Documents/ME/ELN/Séminaire/vivado_prj/project_7/project_7.ip_user_files/ipstatic -lib_map_path [list {modelsim=C:/Users/PC-CLICK-PLUS/OneDrive/Documents/ME/ELN/Séminaire/vivado_prj/project_7/project_7.cache/compile_simlib/modelsim} {questa=C:/Users/PC-CLICK-PLUS/OneDrive/Documents/ME/ELN/Séminaire/vivado_prj/project_7/project_7.cache/compile_simlib/questa} {riviera=C:/Users/PC-CLICK-PLUS/OneDrive/Documents/ME/ELN/Séminaire/vivado_prj/project_7/project_7.cache/compile_simlib/riviera} {activehdl=C:/Users/PC-CLICK-PLUS/OneDrive/Documents/ME/ELN/Séminaire/vivado_prj/project_7/project_7.cache/compile_simlib/activehdl}] -use_ip_compiled_libs -force -quiet
make_wrapper -files [get_files C:/Users/PC-CLICK-PLUS/OneDrive/Documents/ME/ELN/Séminaire/vivado_prj/project_7/project_7.srcs/sources_1/bd/design_1/design_1.bd] -top
open_bd_design {C:/Users/PC-CLICK-PLUS/OneDrive/Documents/ME/ELN/Séminaire/vivado_prj/project_7/project_7.srcs/sources_1/bd/design_1/design_1.bd}
Adding component instance block -- xilinx.com:ip:processing_system7:5.5 - processing_system7_0
WARNING: [BD 41-176] The physical port 'S_AXI_GP2_rd_socket' specified in the portmap, is not found on the block! 
WARNING: [BD 41-176] The physical port 'S_AXI_GP2_wr_socket' specified in the portmap, is not found on the block! 
WARNING: [BD 41-176] The physical port 'S_AXI_GP3_rd_socket' specified in the portmap, is not found on the block! 
WARNING: [BD 41-176] The physical port 'S_AXI_GP3_wr_socket' specified in the portmap, is not found on the block! 
Adding component instance block -- xilinx.com:ip:axi_uartlite:2.0 - axi_uartlite_0
Adding component instance block -- xilinx.com:ip:axi_interconnect:2.1 - ps7_0_axi_periph
Adding component instance block -- xilinx.com:ip:axi_protocol_converter:2.1 - auto_pc
Adding component instance block -- xilinx.com:ip:proc_sys_reset:5.0 - rst_ps7_0_50M
Successfully read diagram <design_1> from BD file <C:/Users/PC-CLICK-PLUS/OneDrive/Documents/ME/ELN/Séminaire/vivado_prj/project_7/project_7.srcs/sources_1/bd/design_1/design_1.bd>
open_bd_design: Time (s): cpu = 00:00:17 ; elapsed = 00:00:15 . Memory (MB): peak = 1203.766 ; gain = 61.062
reset_run synth_1
launch_runs synth_1 -jobs 2
[Tue Sep 17 23:44:10 2024] Launched synth_1...
Run output will be captured here: C:/Users/PC-CLICK-PLUS/OneDrive/Documents/ME/ELN/Séminaire/vivado_prj/project_7/project_7.runs/synth_1/runme.log
exit
INFO: [Common 17-206] Exiting Vivado at Tue Sep 17 23:46:12 2024...
