TRACE::2024-07-02.23:41:08::SCWBifWriter::Found the complete platform C:/Users/PC-CLICK-PLUS/Desktop/SEMINAIRE/ws9/test9/export/test9/test9.xpfm
TRACE::2024-07-02.23:41:08::SCWBifWriter::hardware databse : design_1_wrapper
TRACE::2024-07-02.23:41:08::SCWBifWriter::bitstream found in the design
TRACE::2024-07-02.23:41:08::SCWBifWriter::Found a baremetal domain, proc: ps7_cortexa9_0
TRACE::2024-07-02.23:41:08::SCWBifWriter::proc type : 
TRACE::2024-07-02.23:41:08::SCWBifWriter::proc[0] : ps7_cortexa9_0
TRACE::2024-07-02.23:41:08::SCWBifWriter::Device type is : zynq
TRACE::2024-07-02.23:41:08::SCWBifWriter::Writing BIF to file : C:/Users/PC-CLICK-PLUS/Desktop/SEMINAIRE/ws9/ibus_system/Debug/system.bif
TRACE::2024-07-02.23:41:08::SCWBifWriter::Writing the Zynq Baremetal bif 
TRACE::2024-07-02.23:52:05::SCWBifWriter::Found the complete platform C:/Users/PC-CLICK-PLUS/Desktop/SEMINAIRE/ws9/test9/export/test9/test9.xpfm
TRACE::2024-07-02.23:52:05::SCWBifWriter::hardware databse : design_1_wrapper_2
TRACE::2024-07-02.23:52:05::SCWBifWriter::bitstream found in the design
TRACE::2024-07-02.23:52:05::SCWBifWriter::Found a baremetal domain, proc: ps7_cortexa9_0
TRACE::2024-07-02.23:52:05::SCWBifWriter::proc type : 
TRACE::2024-07-02.23:52:05::SCWBifWriter::proc[0] : ps7_cortexa9_0
TRACE::2024-07-02.23:52:05::SCWBifWriter::Device type is : zynq
TRACE::2024-07-02.23:52:05::SCWBifWriter::Writing BIF to file : C:/Users/PC-CLICK-PLUS/Desktop/SEMINAIRE/ws9/ibus_system/Debug/system.bif
TRACE::2024-07-02.23:52:05::SCWBifWriter::Writing the Zynq Baremetal bif 
TRACE::2024-07-02.23:55:52::SCWBifWriter::Found the complete platform C:/Users/PC-CLICK-PLUS/Desktop/SEMINAIRE/ws9/test9/export/test9/test9.xpfm
TRACE::2024-07-02.23:55:52::SCWBifWriter::hardware databse : design_1_wrapper_3
TRACE::2024-07-02.23:55:52::SCWBifWriter::bitstream found in the design
TRACE::2024-07-02.23:55:52::SCWBifWriter::Found a baremetal domain, proc: ps7_cortexa9_0
TRACE::2024-07-02.23:55:52::SCWBifWriter::proc type : 
TRACE::2024-07-02.23:55:52::SCWBifWriter::proc[0] : ps7_cortexa9_0
TRACE::2024-07-02.23:55:52::SCWBifWriter::Device type is : zynq
TRACE::2024-07-02.23:55:52::SCWBifWriter::Writing BIF to file : C:/Users/PC-CLICK-PLUS/Desktop/SEMINAIRE/ws9/ibus_system/Debug/system.bif
TRACE::2024-07-02.23:55:52::SCWBifWriter::Writing the Zynq Baremetal bif 
TRACE::2024-09-18.00:04:07::SCWBifWriter::Found the complete platform C:/Users/PC-CLICK-PLUS/OneDrive/Documents/ME/ELN/seminaire/Vitis_ws/ws9/test9/export/test9/test9.xpfm
TRACE::2024-09-18.00:04:07::SCWBifWriter::hardware databse : design_1_wrapper_2
TRACE::2024-09-18.00:04:07::SCWBifWriter::bitstream found in the design
TRACE::2024-09-18.00:04:07::SCWBifWriter::Found a baremetal domain, proc: ps7_cortexa9_0
TRACE::2024-09-18.00:04:07::SCWBifWriter::proc type : 
TRACE::2024-09-18.00:04:07::SCWBifWriter::proc[0] : ps7_cortexa9_0
TRACE::2024-09-18.00:04:07::SCWBifWriter::Device type is : zynq
TRACE::2024-09-18.00:04:07::SCWBifWriter::Writing BIF to file : C:/Users/PC-CLICK-PLUS/OneDrive/Documents/ME/ELN/seminaire/Vitis_ws/ws9/ibus_system/Debug/system.bif
TRACE::2024-09-18.00:04:07::SCWBifWriter::Writing the Zynq Baremetal bif 
